2020/06/18 22:29:17 Starting server at localhost:3556
2020/06/18 22:50:17 >> POST /processes
2020/06/18 22:50:17 Request for new process
2020/06/18 22:50:17 Starting new process for rest-qkt-legacy
2020/06/18 22:50:17 Labels: map[app:rest-qkt cloud-legacy:supported]
2020/06/18 22:50:17 Annotations: map[imageregistry:http://localhost:3555 legacy/host:http://127.0.0.1:3556 legacy/type:zip legacy/v:1]
2020/06/18 22:50:17 Using registry: http://localhost:3555
2020/06/18 22:50:17 Loading from http://localhost:3555/rest-example-1.0.zip to out/rest-example-1.0.zip
2020/06/18 22:50:17 Started process with PID: 40564
2020/06/18 22:50:17 << POST /processes 217.013761ms
__  ____  __  _____   ___  __ ____  ______ 
 --/ __ \/ / / / _ | / _ \/ //_/ / / / __/ 
 -/ /_/ / /_/ / __ |/ , _/ ,< / /_/ /\ \   
--\___\_\____/_/ |_/_/|_/_/|_|\____/___/   
2020-06-18 22:50:19,281 INFO  [io.quarkus] (main) rest-kotlin-quickstart 1.0-SNAPSHOT (powered by Quarkus 1.3.1.Final) started in 1.463s. Listening on: http://0.0.0.0:8080
2020-06-18 22:50:19,307 INFO  [io.quarkus] (main) Profile prod activated. 
2020-06-18 22:50:19,307 INFO  [io.quarkus] (main) Installed features: [cdi, kotlin, resteasy, resteasy-jsonb, smallrye-metrics]
2020/06/18 23:13:10 >> POST /processes
2020/06/18 23:13:10 Request for new process
2020/06/18 23:13:10 Current proccess for rest-qkt-legacy: {pid: 40564, version: 1}
2020/06/18 23:13:10 << POST /processes 6.423484ms
2020/06/18 23:15:58 >> POST /processes
2020/06/18 23:15:58 Request for new process
2020/06/18 23:15:58 Current proccess for rest-qkt-legacy: {pid: 40564, version: 1}
2020/06/18 23:15:58 << POST /processes 615.306µs
2020/06/18 23:22:19 >> POST /processes
2020/06/18 23:22:19 Request for new process
2020/06/18 23:22:19 Current proccess for rest-qkt-legacy: {pid: 40564, version: 1}
2020/06/18 23:22:19 << POST /processes 698.682µs
