[1;33m迎迎迎迎迎迎迎迎迎迎迎迎迎迎迎迎迎[0m
Welcome to the interactive setup.
Please use this in combination with the user manual.
Every step will perform certain checks, execute scripts and may export variables.
[1;33m迎迎迎迎迎迎迎迎迎迎迎迎迎迎迎迎迎[0m
Which step should I execute:
1) Install git hooks		       4) Prepare kube config		     7) Start deployer server		  10) Tail legacyctld logs		13) Restore kube config		      16) Stop deployer server
2) Setup private cloud environment     5) Start artifactory server	     8) Show kube config		  11) Tail deployer logs		14) Stop artifactory server	      17) Exit
3) Setup public cloud environment      6) Start legacyctld server	     9) Tail artifactory logs		  12) Destroy public cloud environment	15) Stop legacyctld server
#? \----------------------------
This step requires manual intervention. [1;33m![0m
For more information visit the public cloud section of the user manual.

Checks:
TF_VAR_arm_subscription_id is set [0;32m✓[0m
TF_VAR_arm_tenant_id is set [0;32m✓[0m
TF_VAR_arm_client_id is set [0;32m✓[0m
TF_VAR_arm_client_secret is set [0;32m✓[0m

Checks passed. Press any key to continue.

[0m[1mmodule.azure_eus.azurerm_resource_group.bsc: Refreshing state... [id=/subscriptions/7dbdc0da-cf52-4ece-a482-2d6fed969f5f/resourceGroups/bsc-public-cloud][0m
[0m[1mmodule.azure_eus.azurerm_resource_group.nw_watch: Refreshing state... [id=/subscriptions/7dbdc0da-cf52-4ece-a482-2d6fed969f5f/resourceGroups/NetworkWatcherRG][0m
[0m[1mmodule.azure_eus.azurerm_kubernetes_cluster.bsc: Refreshing state... [id=/subscriptions/7dbdc0da-cf52-4ece-a482-2d6fed969f5f/resourcegroups/bsc-public-cloud/providers/Microsoft.ContainerService/managedClusters/bsc-aks][0m

An execution plan has been generated and is shown below.
Resource actions are indicated with the following symbols:
  [31m-[0m destroy
[0m
Terraform will perform the following actions:

[1m  # module.azure_eus.azurerm_kubernetes_cluster.bsc[0m will be [1m[31mdestroyed[0m[0m
[0m[31m  -[0m [0mresource "azurerm_kubernetes_cluster" "bsc" {
      [31m-[0m [0m[1m[0mapi_server_authorized_ip_ranges[0m[0m = [] [90m->[0m [0m[90mnull[0m[0m
      [31m-[0m [0m[1m[0mdns_prefix[0m[0m                      = "bscaks" [90m->[0m [0m[90mnull[0m[0m
      [31m-[0m [0m[1m[0menable_pod_security_policy[0m[0m      = false [90m->[0m [0m[90mnull[0m[0m
      [31m-[0m [0m[1m[0mfqdn[0m[0m                            = "bscaks-35f61880.hcp.eastus2.azmk8s.io" [90m->[0m [0m[90mnull[0m[0m
      [31m-[0m [0m[1m[0mid[0m[0m                              = "/subscriptions/7dbdc0da-cf52-4ece-a482-2d6fed969f5f/resourcegroups/bsc-public-cloud/providers/Microsoft.ContainerService/managedClusters/bsc-aks" [90m->[0m [0m[90mnull[0m[0m
      [31m-[0m [0m[1m[0mkube_admin_config[0m[0m               = [] [90m->[0m [0m[90mnull[0m[0m
      [31m-[0m [0m[1m[0mkube_config[0m[0m                     = [
          [31m-[0m [0m{
              [31m-[0m [0mclient_certificate     = "LS0tL...
              [31m-[0m [0mclient_key             = "LS0tL...
              [31m-[0m [0mcluster_ca_certificate = "LS0tL...
              [31m-[0m [0mhost                   = "https://bscaks-35f61880.hcp.eastus2.azmk8s.io:443"
              [31m-[0m [0mpassword               = "7ec47...
              [31m-[0m [0musername               = "clusterUser_bsc-public-cloud_bsc-aks"
            },
        ] [90m->[0m [0m[90mnull[0m[0m
      [31m-[0m [0m[1m[0mkube_config_raw[0m[0m                 = (sensitive value)
      [31m-[0m [0m[1m[0mkubernetes_version[0m[0m              = "1.15.11" [90m->[0m [0m[90mnull[0m[0m
      [31m-[0m [0m[1m[0mlocation[0m[0m                        = "eastus2" [90m->[0m [0m[90mnull[0m[0m
      [31m-[0m [0m[1m[0mname[0m[0m                            = "bsc-aks" [90m->[0m [0m[90mnull[0m[0m
      [31m-[0m [0m[1m[0mnode_resource_group[0m[0m             = "MC_bsc-public-cloud_bsc-aks_eastus2" [90m->[0m [0m[90mnull[0m[0m
      [31m-[0m [0m[1m[0mprivate_link_enabled[0m[0m            = false [90m->[0m [0m[90mnull[0m[0m
      [31m-[0m [0m[1m[0mresource_group_name[0m[0m             = "bsc-public-cloud" [90m->[0m [0m[90mnull[0m[0m
      [31m-[0m [0m[1m[0mtags[0m[0m                            = {
          [31m-[0m [0m"Environment" = "Production"
        } [90m->[0m [0m[90mnull[0m[0m

      [31m-[0m [0maddon_profile {
          [31m-[0m [0maci_connector_linux {
              [31m-[0m [0m[1m[0menabled[0m[0m = false [90m->[0m [0m[90mnull[0m[0m
            }

          [31m-[0m [0mazure_policy {
              [31m-[0m [0m[1m[0menabled[0m[0m = false [90m->[0m [0m[90mnull[0m[0m
            }

          [31m-[0m [0mhttp_application_routing {
              [31m-[0m [0m[1m[0menabled[0m[0m = false [90m->[0m [0m[90mnull[0m[0m
            }

          [31m-[0m [0mkube_dashboard {
              [31m-[0m [0m[1m[0menabled[0m[0m = false [90m->[0m [0m[90mnull[0m[0m
            }

          [31m-[0m [0moms_agent {
              [31m-[0m [0m[1m[0menabled[0m[0m = false [90m->[0m [0m[90mnull[0m[0m
            }
        }

      [31m-[0m [0mdefault_node_pool {
          [31m-[0m [0m[1m[0mavailability_zones[0m[0m    = [] [90m->[0m [0m[90mnull[0m[0m
          [31m-[0m [0m[1m[0menable_auto_scaling[0m[0m   = false [90m->[0m [0m[90mnull[0m[0m
          [31m-[0m [0m[1m[0menable_node_public_ip[0m[0m = false [90m->[0m [0m[90mnull[0m[0m
          [31m-[0m [0m[1m[0mmax_count[0m[0m             = 0 [90m->[0m [0m[90mnull[0m[0m
          [31m-[0m [0m[1m[0mmax_pods[0m[0m              = 110 [90m->[0m [0m[90mnull[0m[0m
          [31m-[0m [0m[1m[0mmin_count[0m[0m             = 0 [90m->[0m [0m[90mnull[0m[0m
          [31m-[0m [0m[1m[0mname[0m[0m                  = "default" [90m->[0m [0m[90mnull[0m[0m
          [31m-[0m [0m[1m[0mnode_count[0m[0m            = 1 [90m->[0m [0m[90mnull[0m[0m
          [31m-[0m [0m[1m[0mnode_taints[0m[0m           = [] [90m->[0m [0m[90mnull[0m[0m
          [31m-[0m [0m[1m[0mos_disk_size_gb[0m[0m       = 128 [90m->[0m [0m[90mnull[0m[0m
          [31m-[0m [0m[1m[0mtype[0m[0m                  = "VirtualMachineScaleSets" [90m->[0m [0m[90mnull[0m[0m
          [31m-[0m [0m[1m[0mvm_size[0m[0m               = "Standard_B2S" [90m->[0m [0m[90mnull[0m[0m
        }

      [31m-[0m [0mnetwork_profile {
          [31m-[0m [0m[1m[0mdns_service_ip[0m[0m     = "10.0.0.10" [90m->[0m [0m[90mnull[0m[0m
          [31m-[0m [0m[1m[0mdocker_bridge_cidr[0m[0m = "172.17.0.1/16" [90m->[0m [0m[90mnull[0m[0m
          [31m-[0m [0m[1m[0mload_balancer_sku[0m[0m  = "Basic" [90m->[0m [0m[90mnull[0m[0m
          [31m-[0m [0m[1m[0mnetwork_plugin[0m[0m     = "kubenet" [90m->[0m [0m[90mnull[0m[0m
          [31m-[0m [0m[1m[0mpod_cidr[0m[0m           = "10.244.0.0/16" [90m->[0m [0m[90mnull[0m[0m
          [31m-[0m [0m[1m[0mservice_cidr[0m[0m       = "10.0.0.0/16" [90m->[0m [0m[90mnull[0m[0m
        }

      [31m-[0m [0mrole_based_access_control {
          [31m-[0m [0m[1m[0menabled[0m[0m = false [90m->[0m [0m[90mnull[0m[0m
        }

      [31m-[0m [0mservice_principal {
          [31m-[0m [0m[1m[0mclient_id[0m[0m     = "d44b1668-80ce-48c8-a071-d90d8014979d" [90m->[0m [0m[90mnull[0m[0m
          [31m-[0m [0m[1m[0mclient_secret[0m[0m = (sensitive value)
        }
    }

[1m  # module.azure_eus.azurerm_resource_group.bsc[0m will be [1m[31mdestroyed[0m[0m
[0m[31m  -[0m [0mresource "azurerm_resource_group" "bsc" {
      [31m-[0m [0m[1m[0mid[0m[0m       = "/subscriptions/7dbdc0da-cf52-4ece-a482-2d6fed969f5f/resourceGroups/bsc-public-cloud" [90m->[0m [0m[90mnull[0m[0m
      [31m-[0m [0m[1m[0mlocation[0m[0m = "eastus2" [90m->[0m [0m[90mnull[0m[0m
      [31m-[0m [0m[1m[0mname[0m[0m     = "bsc-public-cloud" [90m->[0m [0m[90mnull[0m[0m
      [31m-[0m [0m[1m[0mtags[0m[0m     = {} [90m->[0m [0m[90mnull[0m[0m
    }

[1m  # module.azure_eus.azurerm_resource_group.nw_watch[0m will be [1m[31mdestroyed[0m[0m
[0m[31m  -[0m [0mresource "azurerm_resource_group" "nw_watch" {
      [31m-[0m [0m[1m[0mid[0m[0m       = "/subscriptions/7dbdc0da-cf52-4ece-a482-2d6fed969f5f/resourceGroups/NetworkWatcherRG" [90m->[0m [0m[90mnull[0m[0m
      [31m-[0m [0m[1m[0mlocation[0m[0m = "eastus2" [90m->[0m [0m[90mnull[0m[0m
      [31m-[0m [0m[1m[0mname[0m[0m     = "NetworkWatcherRG" [90m->[0m [0m[90mnull[0m[0m
      [31m-[0m [0m[1m[0mtags[0m[0m     = {} [90m->[0m [0m[90mnull[0m[0m
    }

[0m[1mPlan:[0m 0 to add, 0 to change, 3 to destroy.[0m

[0m[1mDo you really want to destroy all resources?[0m
  Terraform will destroy all your managed infrastructure, as shown above.
  There is no undo. Only 'yes' will be accepted to confirm.

  [1mEnter a value:[0m [0m yes
[0m[1mmodule.azure_eus.azurerm_resource_group.nw_watch: Destroying... [id=/subscriptions/7dbdc0da-cf52-4ece-a482-2d6fed969f5f/resourceGroups/NetworkWatcherRG][0m[0m
[0m[1mmodule.azure_eus.azurerm_kubernetes_cluster.bsc: Destroying... [id=/subscriptions/7dbdc0da-cf52-4ece-a482-2d6fed969f5f/resourcegroups/bsc-public-cloud/providers/Microsoft.ContainerService/managedClusters/bsc-aks][0m[0m
[0m[1mmodule.azure_eus.azurerm_resource_group.nw_watch: Still destroying... [id=/subscriptions/7dbdc0da-cf52-4ece-a482-...969f5f/resourceGroups/NetworkWatcherRG, 10s elapsed][0m[0m
[0m[1mmodule.azure_eus.azurerm_kubernetes_cluster.bsc: Still destroying... [id=/subscriptions/7dbdc0da-cf52-4ece-a482-...ntainerService/managedClusters/bsc-aks, 10s elapsed][0m[0m
[0m[1mmodule.azure_eus.azurerm_resource_group.nw_watch: Still destroying... [id=/subscriptions/7dbdc0da-cf52-4ece-a482-...969f5f/resourceGroups/NetworkWatcherRG, 20s elapsed][0m[0m
[0m[1mmodule.azure_eus.azurerm_kubernetes_cluster.bsc: Still destroying... [id=/subscriptions/7dbdc0da-cf52-4ece-a482-...ntainerService/managedClusters/bsc-aks, 20s elapsed][0m[0m
[0m[1mmodule.azure_eus.azurerm_resource_group.nw_watch: Still destroying... [id=/subscriptions/7dbdc0da-cf52-4ece-a482-...969f5f/resourceGroups/NetworkWatcherRG, 30s elapsed][0m[0m
[0m[1mmodule.azure_eus.azurerm_kubernetes_cluster.bsc: Still destroying... [id=/subscriptions/7dbdc0da-cf52-4ece-a482-...ntainerService/managedClusters/bsc-aks, 30s elapsed][0m[0m
[0m[1mmodule.azure_eus.azurerm_resource_group.nw_watch: Still destroying... [id=/subscriptions/7dbdc0da-cf52-4ece-a482-...969f5f/resourceGroups/NetworkWatcherRG, 40s elapsed][0m[0m
[0m[1mmodule.azure_eus.azurerm_kubernetes_cluster.bsc: Still destroying... [id=/subscriptions/7dbdc0da-cf52-4ece-a482-...ntainerService/managedClusters/bsc-aks, 41s elapsed][0m[0m
[0m[1mmodule.azure_eus.azurerm_resource_group.nw_watch: Still destroying... [id=/subscriptions/7dbdc0da-cf52-4ece-a482-...969f5f/resourceGroups/NetworkWatcherRG, 50s elapsed][0m[0m
[0m[1mmodule.azure_eus.azurerm_kubernetes_cluster.bsc: Still destroying... [id=/subscriptions/7dbdc0da-cf52-4ece-a482-...ntainerService/managedClusters/bsc-aks, 51s elapsed][0m[0m
[0m[1mmodule.azure_eus.azurerm_resource_group.nw_watch: Still destroying... [id=/subscriptions/7dbdc0da-cf52-4ece-a482-...969f5f/resourceGroups/NetworkWatcherRG, 1m0s elapsed][0m[0m
[0m[1mmodule.azure_eus.azurerm_kubernetes_cluster.bsc: Still destroying... [id=/subscriptions/7dbdc0da-cf52-4ece-a482-...ntainerService/managedClusters/bsc-aks, 1m1s elapsed][0m[0m
[0m[1mmodule.azure_eus.azurerm_resource_group.nw_watch: Still destroying... [id=/subscriptions/7dbdc0da-cf52-4ece-a482-...969f5f/resourceGroups/NetworkWatcherRG, 1m10s elapsed][0m[0m
[0m[1mmodule.azure_eus.azurerm_kubernetes_cluster.bsc: Still destroying... [id=/subscriptions/7dbdc0da-cf52-4ece-a482-...ntainerService/managedClusters/bsc-aks, 1m11s elapsed][0m[0m
[0m[1mmodule.azure_eus.azurerm_resource_group.nw_watch: Still destroying... [id=/subscriptions/7dbdc0da-cf52-4ece-a482-...969f5f/resourceGroups/NetworkWatcherRG, 1m20s elapsed][0m[0m
[0m[1mmodule.azure_eus.azurerm_kubernetes_cluster.bsc: Still destroying... [id=/subscriptions/7dbdc0da-cf52-4ece-a482-...ntainerService/managedClusters/bsc-aks, 1m21s elapsed][0m[0m
[0m[1mmodule.azure_eus.azurerm_resource_group.nw_watch: Still destroying... [id=/subscriptions/7dbdc0da-cf52-4ece-a482-...969f5f/resourceGroups/NetworkWatcherRG, 1m30s elapsed][0m[0m
[0m[1mmodule.azure_eus.azurerm_kubernetes_cluster.bsc: Still destroying... [id=/subscriptions/7dbdc0da-cf52-4ece-a482-...ntainerService/managedClusters/bsc-aks, 1m31s elapsed][0m[0m
[0m[1mmodule.azure_eus.azurerm_resource_group.nw_watch: Still destroying... [id=/subscriptions/7dbdc0da-cf52-4ece-a482-...969f5f/resourceGroups/NetworkWatcherRG, 1m40s elapsed][0m[0m
[0m[1mmodule.azure_eus.azurerm_kubernetes_cluster.bsc: Still destroying... [id=/subscriptions/7dbdc0da-cf52-4ece-a482-...ntainerService/managedClusters/bsc-aks, 1m41s elapsed][0m[0m
[0m[1mmodule.azure_eus.azurerm_resource_group.nw_watch: Destruction complete after 1m50s[0m[0m
[0m[1mmodule.azure_eus.azurerm_kubernetes_cluster.bsc: Still destroying... [id=/subscriptions/7dbdc0da-cf52-4ece-a482-...ntainerService/managedClusters/bsc-aks, 1m51s elapsed][0m[0m
[0m[1mmodule.azure_eus.azurerm_kubernetes_cluster.bsc: Still destroying... [id=/subscriptions/7dbdc0da-cf52-4ece-a482-...ntainerService/managedClusters/bsc-aks, 2m1s elapsed][0m[0m
[0m[1mmodule.azure_eus.azurerm_kubernetes_cluster.bsc: Still destroying... [id=/subscriptions/7dbdc0da-cf52-4ece-a482-...ntainerService/managedClusters/bsc-aks, 2m11s elapsed][0m[0m
[0m[1mmodule.azure_eus.azurerm_kubernetes_cluster.bsc: Still destroying... [id=/subscriptions/7dbdc0da-cf52-4ece-a482-...ntainerService/managedClusters/bsc-aks, 2m21s elapsed][0m[0m
[0m[1mmodule.azure_eus.azurerm_kubernetes_cluster.bsc: Still destroying... [id=/subscriptions/7dbdc0da-cf52-4ece-a482-...ntainerService/managedClusters/bsc-aks, 2m31s elapsed][0m[0m
[0m[1mmodule.azure_eus.azurerm_kubernetes_cluster.bsc: Still destroying... [id=/subscriptions/7dbdc0da-cf52-4ece-a482-...ntainerService/managedClusters/bsc-aks, 2m41s elapsed][0m[0m
[0m[1mmodule.azure_eus.azurerm_kubernetes_cluster.bsc: Still destroying... [id=/subscriptions/7dbdc0da-cf52-4ece-a482-...ntainerService/managedClusters/bsc-aks, 2m51s elapsed][0m[0m
[0m[1mmodule.azure_eus.azurerm_kubernetes_cluster.bsc: Still destroying... [id=/subscriptions/7dbdc0da-cf52-4ece-a482-...ntainerService/managedClusters/bsc-aks, 3m1s elapsed][0m[0m
[0m[1mmodule.azure_eus.azurerm_kubernetes_cluster.bsc: Still destroying... [id=/subscriptions/7dbdc0da-cf52-4ece-a482-...ntainerService/managedClusters/bsc-aks, 3m11s elapsed][0m[0m
[0m[1mmodule.azure_eus.azurerm_kubernetes_cluster.bsc: Still destroying... [id=/subscriptions/7dbdc0da-cf52-4ece-a482-...ntainerService/managedClusters/bsc-aks, 3m21s elapsed][0m[0m
[0m[1mmodule.azure_eus.azurerm_kubernetes_cluster.bsc: Still destroying... [id=/subscriptions/7dbdc0da-cf52-4ece-a482-...ntainerService/managedClusters/bsc-aks, 3m31s elapsed][0m[0m
[0m[1mmodule.azure_eus.azurerm_kubernetes_cluster.bsc: Still destroying... [id=/subscriptions/7dbdc0da-cf52-4ece-a482-...ntainerService/managedClusters/bsc-aks, 3m41s elapsed][0m[0m
[0m[1mmodule.azure_eus.azurerm_kubernetes_cluster.bsc: Still destroying... [id=/subscriptions/7dbdc0da-cf52-4ece-a482-...ntainerService/managedClusters/bsc-aks, 3m51s elapsed][0m[0m
[0m[1mmodule.azure_eus.azurerm_kubernetes_cluster.bsc: Still destroying... [id=/subscriptions/7dbdc0da-cf52-4ece-a482-...ntainerService/managedClusters/bsc-aks, 4m1s elapsed][0m[0m
[0m[1mmodule.azure_eus.azurerm_kubernetes_cluster.bsc: Still destroying... [id=/subscriptions/7dbdc0da-cf52-4ece-a482-...ntainerService/managedClusters/bsc-aks, 4m11s elapsed][0m[0m
[0m[1mmodule.azure_eus.azurerm_kubernetes_cluster.bsc: Still destroying... [id=/subscriptions/7dbdc0da-cf52-4ece-a482-...ntainerService/managedClusters/bsc-aks, 4m21s elapsed][0m[0m
[0m[1mmodule.azure_eus.azurerm_kubernetes_cluster.bsc: Still destroying... [id=/subscriptions/7dbdc0da-cf52-4ece-a482-...ntainerService/managedClusters/bsc-aks, 4m31s elapsed][0m[0m
[0m[1mmodule.azure_eus.azurerm_kubernetes_cluster.bsc: Still destroying... [id=/subscriptions/7dbdc0da-cf52-4ece-a482-...ntainerService/managedClusters/bsc-aks, 4m41s elapsed][0m[0m
[0m[1mmodule.azure_eus.azurerm_kubernetes_cluster.bsc: Still destroying... [id=/subscriptions/7dbdc0da-cf52-4ece-a482-...ntainerService/managedClusters/bsc-aks, 4m51s elapsed][0m[0m
[0m[1mmodule.azure_eus.azurerm_kubernetes_cluster.bsc: Still destroying... [id=/subscriptions/7dbdc0da-cf52-4ece-a482-...ntainerService/managedClusters/bsc-aks, 5m1s elapsed][0m[0m
[0m[1mmodule.azure_eus.azurerm_kubernetes_cluster.bsc: Still destroying... [id=/subscriptions/7dbdc0da-cf52-4ece-a482-...ntainerService/managedClusters/bsc-aks, 5m11s elapsed][0m[0m
[0m[1mmodule.azure_eus.azurerm_kubernetes_cluster.bsc: Still destroying... [id=/subscriptions/7dbdc0da-cf52-4ece-a482-...ntainerService/managedClusters/bsc-aks, 5m21s elapsed][0m[0m
[0m[1mmodule.azure_eus.azurerm_kubernetes_cluster.bsc: Still destroying... [id=/subscriptions/7dbdc0da-cf52-4ece-a482-...ntainerService/managedClusters/bsc-aks, 5m31s elapsed][0m[0m
[0m[1mmodule.azure_eus.azurerm_kubernetes_cluster.bsc: Still destroying... [id=/subscriptions/7dbdc0da-cf52-4ece-a482-...ntainerService/managedClusters/bsc-aks, 5m41s elapsed][0m[0m
[0m[1mmodule.azure_eus.azurerm_kubernetes_cluster.bsc: Still destroying... [id=/subscriptions/7dbdc0da-cf52-4ece-a482-...ntainerService/managedClusters/bsc-aks, 5m51s elapsed][0m[0m
[0m[1mmodule.azure_eus.azurerm_kubernetes_cluster.bsc: Still destroying... [id=/subscriptions/7dbdc0da-cf52-4ece-a482-...ntainerService/managedClusters/bsc-aks, 6m1s elapsed][0m[0m
[0m[1mmodule.azure_eus.azurerm_kubernetes_cluster.bsc: Still destroying... [id=/subscriptions/7dbdc0da-cf52-4ece-a482-...ntainerService/managedClusters/bsc-aks, 6m11s elapsed][0m[0m
[0m[1mmodule.azure_eus.azurerm_kubernetes_cluster.bsc: Still destroying... [id=/subscriptions/7dbdc0da-cf52-4ece-a482-...ntainerService/managedClusters/bsc-aks, 6m21s elapsed][0m[0m
[0m[1mmodule.azure_eus.azurerm_kubernetes_cluster.bsc: Still destroying... [id=/subscriptions/7dbdc0da-cf52-4ece-a482-...ntainerService/managedClusters/bsc-aks, 6m31s elapsed][0m[0m
[0m[1mmodule.azure_eus.azurerm_kubernetes_cluster.bsc: Still destroying... [id=/subscriptions/7dbdc0da-cf52-4ece-a482-...ntainerService/managedClusters/bsc-aks, 6m41s elapsed][0m[0m
[0m[1mmodule.azure_eus.azurerm_kubernetes_cluster.bsc: Still destroying... [id=/subscriptions/7dbdc0da-cf52-4ece-a482-...ntainerService/managedClusters/bsc-aks, 6m51s elapsed][0m[0m
[0m[1mmodule.azure_eus.azurerm_kubernetes_cluster.bsc: Still destroying... [id=/subscriptions/7dbdc0da-cf52-4ece-a482-...ntainerService/managedClusters/bsc-aks, 7m1s elapsed][0m[0m
[0m[1mmodule.azure_eus.azurerm_kubernetes_cluster.bsc: Destruction complete after 7m6s[0m[0m
[0m[1mmodule.azure_eus.azurerm_resource_group.bsc: Destroying... [id=/subscriptions/7dbdc0da-cf52-4ece-a482-2d6fed969f5f/resourceGroups/bsc-public-cloud][0m[0m
[0m[1mmodule.azure_eus.azurerm_resource_group.bsc: Still destroying... [id=/subscriptions/7dbdc0da-cf52-4ece-a482-...969f5f/resourceGroups/bsc-public-cloud, 10s elapsed][0m[0m
[0m[1mmodule.azure_eus.azurerm_resource_group.bsc: Still destroying... [id=/subscriptions/7dbdc0da-cf52-4ece-a482-...969f5f/resourceGroups/bsc-public-cloud, 20s elapsed][0m[0m
[0m[1mmodule.azure_eus.azurerm_resource_group.bsc: Still destroying... [id=/subscriptions/7dbdc0da-cf52-4ece-a482-...969f5f/resourceGroups/bsc-public-cloud, 30s elapsed][0m[0m
[0m[1mmodule.azure_eus.azurerm_resource_group.bsc: Still destroying... [id=/subscriptions/7dbdc0da-cf52-4ece-a482-...969f5f/resourceGroups/bsc-public-cloud, 40s elapsed][0m[0m
[0m[1mmodule.azure_eus.azurerm_resource_group.bsc: Destruction complete after 48s[0m[0m
[0m[1m[32m
Destroy complete! Resources: 3 destroyed.[0m
/----------------------------
Which step should I execute:
1) Install git hooks		       4) Prepare kube config		     7) Start deployer server		  10) Tail legacyctld logs		13) Restore kube config		      16) Stop deployer server
2) Setup private cloud environment     5) Start artifactory server	     8) Show kube config		  11) Tail deployer logs		14) Stop artifactory server	      17) Exit
3) Setup public cloud environment      6) Start legacyctld server	     9) Tail artifactory logs		  12) Destroy public cloud environment	15) Stop legacyctld server
#? Which step should I execute:
1) Install git hooks		       4) Prepare kube config		     7) Start deployer server		  10) Tail legacyctld logs		13) Restore kube config		      16) Stop deployer server
2) Setup private cloud environment     5) Start artifactory server	     8) Show kube config		  11) Tail deployer logs		14) Stop artifactory server	      17) Exit
3) Setup public cloud environment      6) Start legacyctld server	     9) Tail artifactory logs		  12) Destroy public cloud environment	15) Stop legacyctld server
#? \----------------------------
Stopping artifactory...
python3 killed (pid 38290)
Done
/----------------------------
Which step should I execute:
1) Install git hooks		       4) Prepare kube config		     7) Start deployer server		  10) Tail legacyctld logs		13) Restore kube config		      16) Stop deployer server
2) Setup private cloud environment     5) Start artifactory server	     8) Show kube config		  11) Tail deployer logs		14) Stop artifactory server	      17) Exit
3) Setup public cloud environment      6) Start legacyctld server	     9) Tail artifactory logs		  12) Destroy public cloud environment	15) Stop legacyctld server
#? \----------------------------
Done
/----------------------------
Which step should I execute:
1) Install git hooks		       4) Prepare kube config		     7) Start deployer server		  10) Tail legacyctld logs		13) Restore kube config		      16) Stop deployer server
2) Setup private cloud environment     5) Start artifactory server	     8) Show kube config		  11) Tail deployer logs		14) Stop artifactory server	      17) Exit
3) Setup public cloud environment      6) Start legacyctld server	     9) Tail artifactory logs		  12) Destroy public cloud environment	15) Stop legacyctld server
#? \----------------------------
Done
/----------------------------
Which step should I execute:
1) Install git hooks		       4) Prepare kube config		     7) Start deployer server		  10) Tail legacyctld logs		13) Restore kube config		      16) Stop deployer server
2) Setup private cloud environment     5) Start artifactory server	     8) Show kube config		  11) Tail deployer logs		14) Stop artifactory server	      17) Exit
3) Setup public cloud environment      6) Start legacyctld server	     9) Tail artifactory logs		  12) Destroy public cloud environment	15) Stop legacyctld server
#? [1;33m途[0m
